<?xml version="1.0" encoding="utf-8" standalone="no"?>
<test-results xmlns:xsi="http://www.w3.org/2001/XMLSchema-instance" xsi:noNamespaceSchemaLocation="nunit_schema_2.5.xsd" name="PSAdminTools" total="123" errors="0" failures="73" not-run="0" inconclusive="0" ignored="0" skipped="0" invalid="0" date="2026-02-17" time="15:37:03">
  <environment machine-name="air-de-lienhard.home" user="laurent" cwd="/Users/laurent/Documents/01-DEV/PSAdminTools" user-domain="" os-version="25.2.0" platform="Darwin" clr-version="9.0.10" nunit-version="2.5.8.0" />
  <culture-info current-culture="fr-FR" current-uiculture="fr-FR" />
  <test-suite type="TestFixture" name="PSAdminTools" executed="True" result="Failure" success="False" time="0.9801" asserts="0" description="Pester">
    <results>
      <test-suite type="TestFixture" name="/Users/laurent/Documents/01-DEV/PSAdminTools/tests/Unit/Classes/class1.tests.ps1" executed="True" result="Success" success="True" time="0.1718" asserts="0" description="/Users/laurent/Documents/01-DEV/PSAdminTools/tests/Unit/Classes/class1.tests.ps1">
        <results>
          <test-suite type="TestFixture" name="class1" executed="True" result="Success" success="True" time="0.0608" asserts="0" description="class1">
            <results>
              <test-suite type="TestFixture" name="class1.Type creation" executed="True" result="Success" success="True" time="0.0363" asserts="0" description="class1.Type creation">
                <results>
                  <test-case description="Has created a type named class1" name="class1.Type creation.Has created a type named class1" time="0.0306" asserts="0" success="True" result="Success" executed="True" />
                </results>
              </test-suite>
              <test-suite type="TestFixture" name="class1.Constructors" executed="True" result="Success" success="True" time="0.0507" asserts="0" description="class1.Constructors">
                <results>
                  <test-case description="Has a default constructor" name="class1.Constructors.Has a default constructor" time="0.0088" asserts="0" success="True" result="Success" executed="True" />
                </results>
              </test-suite>
              <test-suite type="TestFixture" name="class1.Methods" executed="True" result="Success" success="True" time="0.0544" asserts="0" description="class1.Methods">
                <results>
                  <test-case description="Overrides the ToString method" name="class1.Methods.Overrides the ToString method" time="0.0026" asserts="0" success="True" result="Success" executed="True" />
                </results>
              </test-suite>
              <test-suite type="TestFixture" name="class1.Properties" executed="True" result="Success" success="True" time="0.0581" asserts="0" description="class1.Properties">
                <results>
                  <test-case description="Has a Name property" name="class1.Properties.Has a Name property" time="0.0023" asserts="0" success="True" result="Success" executed="True" />
                </results>
              </test-suite>
            </results>
          </test-suite>
        </results>
      </test-suite>
      <test-suite type="TestFixture" name="/Users/laurent/Documents/01-DEV/PSAdminTools/tests/Unit/Classes/class11.tests.ps1" executed="True" result="Success" success="True" time="0.0491" asserts="0" description="/Users/laurent/Documents/01-DEV/PSAdminTools/tests/Unit/Classes/class11.tests.ps1">
        <results>
          <test-suite type="TestFixture" name="class11" executed="True" result="Success" success="True" time="0.0332" asserts="0" description="class11">
            <results>
              <test-suite type="TestFixture" name="class11.Type creation" executed="True" result="Success" success="True" time="0.0046" asserts="0" description="class11.Type creation">
                <results>
                  <test-case description="Has created a type named class11" name="class11.Type creation.Has created a type named class11" time="0.0027" asserts="0" success="True" result="Success" executed="True" />
                </results>
              </test-suite>
              <test-suite type="TestFixture" name="class11.Constructors" executed="True" result="Success" success="True" time="0.0238" asserts="0" description="class11.Constructors">
                <results>
                  <test-case description="Has a default constructor" name="class11.Constructors.Has a default constructor" time="0.0171" asserts="0" success="True" result="Success" executed="True" />
                </results>
              </test-suite>
              <test-suite type="TestFixture" name="class11.Methods" executed="True" result="Success" success="True" time="0.0283" asserts="0" description="class11.Methods">
                <results>
                  <test-case description="Overrides the ToString method" name="class11.Methods.Overrides the ToString method" time="0.0031" asserts="0" success="True" result="Success" executed="True" />
                </results>
              </test-suite>
              <test-suite type="TestFixture" name="class11.Properties" executed="True" result="Success" success="True" time="0.0321" asserts="0" description="class11.Properties">
                <results>
                  <test-case description="Has a Name property" name="class11.Properties.Has a Name property" time="0.0026" asserts="0" success="True" result="Success" executed="True" />
                </results>
              </test-suite>
            </results>
          </test-suite>
        </results>
      </test-suite>
      <test-suite type="TestFixture" name="/Users/laurent/Documents/01-DEV/PSAdminTools/tests/Unit/Classes/class12.tests.ps1" executed="True" result="Success" success="True" time="0.037" asserts="0" description="/Users/laurent/Documents/01-DEV/PSAdminTools/tests/Unit/Classes/class12.tests.ps1">
        <results>
          <test-suite type="TestFixture" name="class12" executed="True" result="Success" success="True" time="0.0237" asserts="0" description="class12">
            <results>
              <test-suite type="TestFixture" name="class12.Type creation" executed="True" result="Success" success="True" time="0.006" asserts="0" description="class12.Type creation">
                <results>
                  <test-case description="Has created a type named class12" name="class12.Type creation.Has created a type named class12" time="0.0044" asserts="0" success="True" result="Success" executed="True" />
                </results>
              </test-suite>
              <test-suite type="TestFixture" name="class12.Constructors" executed="True" result="Success" success="True" time="0.0129" asserts="0" description="class12.Constructors">
                <results>
                  <test-case description="Has a default constructor" name="class12.Constructors.Has a default constructor" time="0.0055" asserts="0" success="True" result="Success" executed="True" />
                </results>
              </test-suite>
              <test-suite type="TestFixture" name="class12.Methods" executed="True" result="Success" success="True" time="0.0192" asserts="0" description="class12.Methods">
                <results>
                  <test-case description="Overrides the ToString method" name="class12.Methods.Overrides the ToString method" time="0.0051" asserts="0" success="True" result="Success" executed="True" />
                </results>
              </test-suite>
              <test-suite type="TestFixture" name="class12.Properties" executed="True" result="Success" success="True" time="0.0227" asserts="0" description="class12.Properties">
                <results>
                  <test-case description="Has a Name property" name="class12.Properties.Has a Name property" time="0.0024" asserts="0" success="True" result="Success" executed="True" />
                </results>
              </test-suite>
            </results>
          </test-suite>
        </results>
      </test-suite>
      <test-suite type="TestFixture" name="/Users/laurent/Documents/01-DEV/PSAdminTools/tests/Unit/Classes/class2.tests.ps1" executed="True" result="Success" success="True" time="0.0331" asserts="0" description="/Users/laurent/Documents/01-DEV/PSAdminTools/tests/Unit/Classes/class2.tests.ps1">
        <results>
          <test-suite type="TestFixture" name="class2" executed="True" result="Success" success="True" time="0.0204" asserts="0" description="class2">
            <results>
              <test-suite type="TestFixture" name="class2.Type creation" executed="True" result="Success" success="True" time="0.0059" asserts="0" description="class2.Type creation">
                <results>
                  <test-case description="Has created a type named class2" name="class2.Type creation.Has created a type named class2" time="0.0048" asserts="0" success="True" result="Success" executed="True" />
                </results>
              </test-suite>
              <test-suite type="TestFixture" name="class2.Constructors" executed="True" result="Success" success="True" time="0.0117" asserts="0" description="class2.Constructors">
                <results>
                  <test-case description="Has a default constructor" name="class2.Constructors.Has a default constructor" time="0.0047" asserts="0" success="True" result="Success" executed="True" />
                </results>
              </test-suite>
              <test-suite type="TestFixture" name="class2.Methods" executed="True" result="Success" success="True" time="0.0148" asserts="0" description="class2.Methods">
                <results>
                  <test-case description="Overrides the ToString method" name="class2.Methods.Overrides the ToString method" time="0.0021" asserts="0" success="True" result="Success" executed="True" />
                </results>
              </test-suite>
              <test-suite type="TestFixture" name="class2.Properties" executed="True" result="Success" success="True" time="0.0194" asserts="0" description="class2.Properties">
                <results>
                  <test-case description="Has a Name property" name="class2.Properties.Has a Name property" time="0.0036" asserts="0" success="True" result="Success" executed="True" />
                </results>
              </test-suite>
            </results>
          </test-suite>
        </results>
      </test-suite>
      <test-suite type="TestFixture" name="/Users/laurent/Documents/01-DEV/PSAdminTools/tests/Unit/Classes/PSATSite.tests.ps1" executed="True" result="Failure" success="False" time="0.0538" asserts="0" description="/Users/laurent/Documents/01-DEV/PSAdminTools/tests/Unit/Classes/PSATSite.tests.ps1">
        <results>
          <test-suite type="TestFixture" name="PSATSite" executed="True" result="Failure" success="False" time="0.0405" asserts="0" description="PSATSite">
            <results>
              <test-suite type="TestFixture" name="PSATSite.Default constructor" executed="True" result="Failure" success="False" time="0.0158" asserts="0" description="PSATSite.Default constructor">
                <results>
                  <test-case description="Should create an instance" name="PSATSite.Default constructor.Should create an instance" time="0" asserts="0" success="False" result="Failure" executed="True">
                    <failure>
                      <message>This test should run but it did not. Most likely a setup in some parent block failed.</message>
                      <stack-trace />
                    </failure>
                  </test-case>
                  <test-case description="Should have empty string properties" name="PSATSite.Default constructor.Should have empty string properties" time="0" asserts="0" success="False" result="Failure" executed="True">
                    <failure>
                      <message>This test should run but it did not. Most likely a setup in some parent block failed.</message>
                      <stack-trace />
                    </failure>
                  </test-case>
                  <test-case description="Should initialize Subnets as empty list" name="PSATSite.Default constructor.Should initialize Subnets as empty list" time="0" asserts="0" success="False" result="Failure" executed="True">
                    <failure>
                      <message>This test should run but it did not. Most likely a setup in some parent block failed.</message>
                      <stack-trace />
                    </failure>
                  </test-case>
                  <test-case description="Should initialize SiteLinks as empty list" name="PSATSite.Default constructor.Should initialize SiteLinks as empty list" time="0" asserts="0" success="False" result="Failure" executed="True">
                    <failure>
                      <message>This test should run but it did not. Most likely a setup in some parent block failed.</message>
                      <stack-trace />
                    </failure>
                  </test-case>
                  <test-case description="Should initialize DomainControllers as empty list" name="PSATSite.Default constructor.Should initialize DomainControllers as empty list" time="0" asserts="0" success="False" result="Failure" executed="True">
                    <failure>
                      <message>This test should run but it did not. Most likely a setup in some parent block failed.</message>
                      <stack-trace />
                    </failure>
                  </test-case>
                  <test-case description="Should initialize AdjacentSites as empty list" name="PSATSite.Default constructor.Should initialize AdjacentSites as empty list" time="0" asserts="0" success="False" result="Failure" executed="True">
                    <failure>
                      <message>This test should run but it did not. Most likely a setup in some parent block failed.</message>
                      <stack-trace />
                    </failure>
                  </test-case>
                </results>
              </test-suite>
              <test-suite type="TestFixture" name="PSATSite.Hashtable constructor" executed="True" result="Failure" success="False" time="0.023" asserts="0" description="PSATSite.Hashtable constructor">
                <results>
                  <test-case description="Should set Name property" name="PSATSite.Hashtable constructor.Should set Name property" time="0" asserts="0" success="False" result="Failure" executed="True">
                    <failure>
                      <message>This test should run but it did not. Most likely a setup in some parent block failed.</message>
                      <stack-trace />
                    </failure>
                  </test-case>
                  <test-case description="Should set Description property" name="PSATSite.Hashtable constructor.Should set Description property" time="0" asserts="0" success="False" result="Failure" executed="True">
                    <failure>
                      <message>This test should run but it did not. Most likely a setup in some parent block failed.</message>
                      <stack-trace />
                    </failure>
                  </test-case>
                  <test-case description="Should set Location property" name="PSATSite.Hashtable constructor.Should set Location property" time="0" asserts="0" success="False" result="Failure" executed="True">
                    <failure>
                      <message>This test should run but it did not. Most likely a setup in some parent block failed.</message>
                      <stack-trace />
                    </failure>
                  </test-case>
                  <test-case description="Should initialize list properties as empty" name="PSATSite.Hashtable constructor.Should initialize list properties as empty" time="0" asserts="0" success="False" result="Failure" executed="True">
                    <failure>
                      <message>This test should run but it did not. Most likely a setup in some parent block failed.</message>
                      <stack-trace />
                    </failure>
                  </test-case>
                </results>
              </test-suite>
              <test-suite type="TestFixture" name="PSATSite.HasDomainControllers method" executed="True" result="Failure" success="False" time="0.0314" asserts="0" description="PSATSite.HasDomainControllers method">
                <results>
                  <test-case description="Should return false when no domain controllers are assigned" name="PSATSite.HasDomainControllers method.Should return false when no domain controllers are assigned" time="0.003" asserts="0" success="False" result="Failure" executed="True">
                    <failure>
                      <message>RuntimeException: Unable to find type [PSATSite].</message>
                      <stack-trace>at &lt;ScriptBlock&gt;, /Users/laurent/Documents/01-DEV/PSAdminTools/tests/Unit/Classes/PSATSite.tests.ps1:76</stack-trace>
                    </failure>
                  </test-case>
                  <test-case description="Should return true when domain controllers are assigned" name="PSATSite.HasDomainControllers method.Should return true when domain controllers are assigned" time="0.0022" asserts="0" success="False" result="Failure" executed="True">
                    <failure>
                      <message>RuntimeException: Unable to find type [PSATSite].</message>
                      <stack-trace>at &lt;ScriptBlock&gt;, /Users/laurent/Documents/01-DEV/PSAdminTools/tests/Unit/Classes/PSATSite.tests.ps1:82</stack-trace>
                    </failure>
                  </test-case>
                  <test-case description="Should return true with multiple domain controllers" name="PSATSite.HasDomainControllers method.Should return true with multiple domain controllers" time="0.0021" asserts="0" success="False" result="Failure" executed="True">
                    <failure>
                      <message>RuntimeException: Unable to find type [PSATSite].</message>
                      <stack-trace>at &lt;ScriptBlock&gt;, /Users/laurent/Documents/01-DEV/PSAdminTools/tests/Unit/Classes/PSATSite.tests.ps1:89</stack-trace>
                    </failure>
                  </test-case>
                </results>
              </test-suite>
              <test-suite type="TestFixture" name="PSATSite.ToString method" executed="True" result="Failure" success="False" time="0.0396" asserts="0" description="PSATSite.ToString method">
                <results>
                  <test-case description="Should return formatted string with DC and subnet counts" name="PSATSite.ToString method.Should return formatted string with DC and subnet counts" time="0.0047" asserts="0" success="False" result="Failure" executed="True">
                    <failure>
                      <message>RuntimeException: Unable to find type [PSATSite].</message>
                      <stack-trace>at &lt;ScriptBlock&gt;, /Users/laurent/Documents/01-DEV/PSAdminTools/tests/Unit/Classes/PSATSite.tests.ps1:99</stack-trace>
                    </failure>
                  </test-case>
                  <test-case description="Should show zero counts for empty site" name="PSATSite.ToString method.Should show zero counts for empty site" time="0.0023" asserts="0" success="False" result="Failure" executed="True">
                    <failure>
                      <message>RuntimeException: Unable to find type [PSATSite].</message>
                      <stack-trace>at &lt;ScriptBlock&gt;, /Users/laurent/Documents/01-DEV/PSAdminTools/tests/Unit/Classes/PSATSite.tests.ps1:108</stack-trace>
                    </failure>
                  </test-case>
                </results>
              </test-suite>
            </results>
          </test-suite>
        </results>
      </test-suite>
      <test-suite type="TestFixture" name="/Users/laurent/Documents/01-DEV/PSAdminTools/tests/Unit/Classes/PSATSiteLink.tests.ps1" executed="True" result="Failure" success="False" time="0.0279" asserts="0" description="/Users/laurent/Documents/01-DEV/PSAdminTools/tests/Unit/Classes/PSATSiteLink.tests.ps1">
        <results>
          <test-suite type="TestFixture" name="PSATSiteLink" executed="True" result="Failure" success="False" time="0.0199" asserts="0" description="PSATSiteLink">
            <results>
              <test-suite type="TestFixture" name="PSATSiteLink.Default constructor" executed="True" result="Failure" success="False" time="0.0061" asserts="0" description="PSATSiteLink.Default constructor">
                <results>
                  <test-case description="Should create an instance" name="PSATSiteLink.Default constructor.Should create an instance" time="0" asserts="0" success="False" result="Failure" executed="True">
                    <failure>
                      <message>This test should run but it did not. Most likely a setup in some parent block failed.</message>
                      <stack-trace />
                    </failure>
                  </test-case>
                  <test-case description="Should have default property values" name="PSATSiteLink.Default constructor.Should have default property values" time="0" asserts="0" success="False" result="Failure" executed="True">
                    <failure>
                      <message>This test should run but it did not. Most likely a setup in some parent block failed.</message>
                      <stack-trace />
                    </failure>
                  </test-case>
                  <test-case description="Should initialize SitesIncluded as empty list" name="PSATSiteLink.Default constructor.Should initialize SitesIncluded as empty list" time="0" asserts="0" success="False" result="Failure" executed="True">
                    <failure>
                      <message>This test should run but it did not. Most likely a setup in some parent block failed.</message>
                      <stack-trace />
                    </failure>
                  </test-case>
                </results>
              </test-suite>
              <test-suite type="TestFixture" name="PSATSiteLink.Hashtable constructor" executed="True" result="Failure" success="False" time="0.0102" asserts="0" description="PSATSiteLink.Hashtable constructor">
                <results>
                  <test-case description="Should set Name property" name="PSATSiteLink.Hashtable constructor.Should set Name property" time="0" asserts="0" success="False" result="Failure" executed="True">
                    <failure>
                      <message>This test should run but it did not. Most likely a setup in some parent block failed.</message>
                      <stack-trace />
                    </failure>
                  </test-case>
                  <test-case description="Should set Cost property" name="PSATSiteLink.Hashtable constructor.Should set Cost property" time="0" asserts="0" success="False" result="Failure" executed="True">
                    <failure>
                      <message>This test should run but it did not. Most likely a setup in some parent block failed.</message>
                      <stack-trace />
                    </failure>
                  </test-case>
                  <test-case description="Should set ReplicationFrequencyInMinutes property" name="PSATSiteLink.Hashtable constructor.Should set ReplicationFrequencyInMinutes property" time="0" asserts="0" success="False" result="Failure" executed="True">
                    <failure>
                      <message>This test should run but it did not. Most likely a setup in some parent block failed.</message>
                      <stack-trace />
                    </failure>
                  </test-case>
                  <test-case description="Should set TransportType property" name="PSATSiteLink.Hashtable constructor.Should set TransportType property" time="0" asserts="0" success="False" result="Failure" executed="True">
                    <failure>
                      <message>This test should run but it did not. Most likely a setup in some parent block failed.</message>
                      <stack-trace />
                    </failure>
                  </test-case>
                  <test-case description="Should set Description property" name="PSATSiteLink.Hashtable constructor.Should set Description property" time="0" asserts="0" success="False" result="Failure" executed="True">
                    <failure>
                      <message>This test should run but it did not. Most likely a setup in some parent block failed.</message>
                      <stack-trace />
                    </failure>
                  </test-case>
                  <test-case description="Should populate SitesIncluded list" name="PSATSiteLink.Hashtable constructor.Should populate SitesIncluded list" time="0" asserts="0" success="False" result="Failure" executed="True">
                    <failure>
                      <message>This test should run but it did not. Most likely a setup in some parent block failed.</message>
                      <stack-trace />
                    </failure>
                  </test-case>
                  <test-case description="Should set Schedule as hidden property" name="PSATSiteLink.Hashtable constructor.Should set Schedule as hidden property" time="0" asserts="0" success="False" result="Failure" executed="True">
                    <failure>
                      <message>This test should run but it did not. Most likely a setup in some parent block failed.</message>
                      <stack-trace />
                    </failure>
                  </test-case>
                </results>
              </test-suite>
              <test-suite type="TestFixture" name="PSATSiteLink.Hidden Schedule property" executed="True" result="Failure" success="False" time="0.013" asserts="0" description="PSATSiteLink.Hidden Schedule property">
                <results>
                  <test-case description="Should not appear in default output" name="PSATSiteLink.Hidden Schedule property.Should not appear in default output" time="0" asserts="0" success="False" result="Failure" executed="True">
                    <failure>
                      <message>This test should run but it did not. Most likely a setup in some parent block failed.</message>
                      <stack-trace />
                    </failure>
                  </test-case>
                  <test-case description="Should be accessible via -Force" name="PSATSiteLink.Hidden Schedule property.Should be accessible via -Force" time="0" asserts="0" success="False" result="Failure" executed="True">
                    <failure>
                      <message>This test should run but it did not. Most likely a setup in some parent block failed.</message>
                      <stack-trace />
                    </failure>
                  </test-case>
                </results>
              </test-suite>
              <test-suite type="TestFixture" name="PSATSiteLink.ToString method" executed="True" result="Failure" success="False" time="0.0188" asserts="0" description="PSATSiteLink.ToString method">
                <results>
                  <test-case description="Should return formatted string with cost and frequency" name="PSATSiteLink.ToString method.Should return formatted string with cost and frequency" time="0.0045" asserts="0" success="False" result="Failure" executed="True">
                    <failure>
                      <message>RuntimeException: Unable to find type [PSATSiteLink].</message>
                      <stack-trace>at &lt;ScriptBlock&gt;, /Users/laurent/Documents/01-DEV/PSAdminTools/tests/Unit/Classes/PSATSiteLink.tests.ps1:110</stack-trace>
                    </failure>
                  </test-case>
                </results>
              </test-suite>
            </results>
          </test-suite>
        </results>
      </test-suite>
      <test-suite type="TestFixture" name="/Users/laurent/Documents/01-DEV/PSAdminTools/tests/Unit/Classes/PSATSitesReport.tests.ps1" executed="True" result="Failure" success="False" time="0.0557" asserts="0" description="/Users/laurent/Documents/01-DEV/PSAdminTools/tests/Unit/Classes/PSATSitesReport.tests.ps1">
        <results>
          <test-suite type="TestFixture" name="PSATSitesReport" executed="True" result="Failure" success="False" time="0.039" asserts="0" description="PSATSitesReport">
            <results>
              <test-suite type="TestFixture" name="PSATSitesReport.Constructor" executed="True" result="Failure" success="False" time="0.0033" asserts="0" description="PSATSitesReport.Constructor">
                <results>
                  <test-case description="Should create an instance" name="PSATSitesReport.Constructor.Should create an instance" time="0" asserts="0" success="False" result="Failure" executed="True">
                    <failure>
                      <message>This test should run but it did not. Most likely a setup in some parent block failed.</message>
                      <stack-trace />
                    </failure>
                  </test-case>
                  <test-case description="Should set ReportDate to current time" name="PSATSitesReport.Constructor.Should set ReportDate to current time" time="0" asserts="0" success="False" result="Failure" executed="True">
                    <failure>
                      <message>This test should run but it did not. Most likely a setup in some parent block failed.</message>
                      <stack-trace />
                    </failure>
                  </test-case>
                  <test-case description="Should initialize Sites as empty list" name="PSATSitesReport.Constructor.Should initialize Sites as empty list" time="0" asserts="0" success="False" result="Failure" executed="True">
                    <failure>
                      <message>This test should run but it did not. Most likely a setup in some parent block failed.</message>
                      <stack-trace />
                    </failure>
                  </test-case>
                  <test-case description="Should initialize Subnets as empty list" name="PSATSitesReport.Constructor.Should initialize Subnets as empty list" time="0" asserts="0" success="False" result="Failure" executed="True">
                    <failure>
                      <message>This test should run but it did not. Most likely a setup in some parent block failed.</message>
                      <stack-trace />
                    </failure>
                  </test-case>
                  <test-case description="Should initialize SiteLinks as empty list" name="PSATSitesReport.Constructor.Should initialize SiteLinks as empty list" time="0" asserts="0" success="False" result="Failure" executed="True">
                    <failure>
                      <message>This test should run but it did not. Most likely a setup in some parent block failed.</message>
                      <stack-trace />
                    </failure>
                  </test-case>
                  <test-case description="Should initialize health indicator lists as empty" name="PSATSitesReport.Constructor.Should initialize health indicator lists as empty" time="0" asserts="0" success="False" result="Failure" executed="True">
                    <failure>
                      <message>This test should run but it did not. Most likely a setup in some parent block failed.</message>
                      <stack-trace />
                    </failure>
                  </test-case>
                </results>
              </test-suite>
              <test-suite type="TestFixture" name="PSATSitesReport.ComputeSummary" executed="True" result="Failure" success="False" time="0.0068" asserts="0" description="PSATSitesReport.ComputeSummary">
                <results>
                  <test-case description="Should compute TotalSites" name="PSATSitesReport.ComputeSummary.Should compute TotalSites" time="0" asserts="0" success="False" result="Failure" executed="True">
                    <failure>
                      <message>This test should run but it did not. Most likely a setup in some parent block failed.</message>
                      <stack-trace />
                    </failure>
                  </test-case>
                  <test-case description="Should compute TotalSubnets" name="PSATSitesReport.ComputeSummary.Should compute TotalSubnets" time="0" asserts="0" success="False" result="Failure" executed="True">
                    <failure>
                      <message>This test should run but it did not. Most likely a setup in some parent block failed.</message>
                      <stack-trace />
                    </failure>
                  </test-case>
                  <test-case description="Should compute TotalSiteLinks" name="PSATSitesReport.ComputeSummary.Should compute TotalSiteLinks" time="0" asserts="0" success="False" result="Failure" executed="True">
                    <failure>
                      <message>This test should run but it did not. Most likely a setup in some parent block failed.</message>
                      <stack-trace />
                    </failure>
                  </test-case>
                  <test-case description="Should compute TotalDomainControllers" name="PSATSitesReport.ComputeSummary.Should compute TotalDomainControllers" time="0" asserts="0" success="False" result="Failure" executed="True">
                    <failure>
                      <message>This test should run but it did not. Most likely a setup in some parent block failed.</message>
                      <stack-trace />
                    </failure>
                  </test-case>
                  <test-case description="Should identify sites without domain controllers" name="PSATSitesReport.ComputeSummary.Should identify sites without domain controllers" time="0" asserts="0" success="False" result="Failure" executed="True">
                    <failure>
                      <message>This test should run but it did not. Most likely a setup in some parent block failed.</message>
                      <stack-trace />
                    </failure>
                  </test-case>
                  <test-case description="Should identify sites without subnets" name="PSATSitesReport.ComputeSummary.Should identify sites without subnets" time="0" asserts="0" success="False" result="Failure" executed="True">
                    <failure>
                      <message>This test should run but it did not. Most likely a setup in some parent block failed.</message>
                      <stack-trace />
                    </failure>
                  </test-case>
                  <test-case description="Should identify subnets without sites" name="PSATSitesReport.ComputeSummary.Should identify subnets without sites" time="0" asserts="0" success="False" result="Failure" executed="True">
                    <failure>
                      <message>This test should run but it did not. Most likely a setup in some parent block failed.</message>
                      <stack-trace />
                    </failure>
                  </test-case>
                </results>
              </test-suite>
              <test-suite type="TestFixture" name="PSATSitesReport.ComputeSummary with empty report" executed="True" result="Failure" success="False" time="0.0126" asserts="0" description="PSATSitesReport.ComputeSummary with empty report">
                <results>
                  <test-case description="Should handle empty collections" name="PSATSitesReport.ComputeSummary with empty report.Should handle empty collections" time="0.0046" asserts="0" success="False" result="Failure" executed="True">
                    <failure>
                      <message>RuntimeException: Unable to find type [PSATSitesReport].</message>
                      <stack-trace>at &lt;ScriptBlock&gt;, /Users/laurent/Documents/01-DEV/PSAdminTools/tests/Unit/Classes/PSATSitesReport.tests.ps1:116</stack-trace>
                    </failure>
                  </test-case>
                </results>
              </test-suite>
              <test-suite type="TestFixture" name="PSATSitesReport.ComputeSummary idempotency" executed="True" result="Failure" success="False" time="0.0163" asserts="0" description="PSATSitesReport.ComputeSummary idempotency">
                <results>
                  <test-case description="Should produce same results when called multiple times" name="PSATSitesReport.ComputeSummary idempotency.Should produce same results when called multiple times" time="0.0026" asserts="0" success="False" result="Failure" executed="True">
                    <failure>
                      <message>RuntimeException: Unable to find type [PSATSitesReport].</message>
                      <stack-trace>at &lt;ScriptBlock&gt;, /Users/laurent/Documents/01-DEV/PSAdminTools/tests/Unit/Classes/PSATSitesReport.tests.ps1:131</stack-trace>
                    </failure>
                  </test-case>
                </results>
              </test-suite>
              <test-suite type="TestFixture" name="PSATSitesReport.ToString" executed="True" result="Failure" success="False" time="0.0195" asserts="0" description="PSATSitesReport.ToString">
                <results>
                  <test-case description="Should return formatted summary string" name="PSATSitesReport.ToString.Should return formatted summary string" time="0.0023" asserts="0" success="False" result="Failure" executed="True">
                    <failure>
                      <message>RuntimeException: Unable to find type [PSATSitesReport].</message>
                      <stack-trace>at &lt;ScriptBlock&gt;, /Users/laurent/Documents/01-DEV/PSAdminTools/tests/Unit/Classes/PSATSitesReport.tests.ps1:145</stack-trace>
                    </failure>
                  </test-case>
                </results>
              </test-suite>
              <test-suite type="TestFixture" name="PSATSitesReport.QueryAD method" executed="True" result="Failure" success="False" time="0.038" asserts="0" description="PSATSitesReport.QueryAD method">
                <results>
                  <test-case description="Should populate report from AD data" name="PSATSitesReport.QueryAD method.Should populate report from AD data" time="0" asserts="0" success="False" result="Failure" executed="True">
                    <failure>
                      <message>This test should run but it did not. Most likely a setup in some parent block failed.</message>
                      <stack-trace />
                    </failure>
                  </test-case>
                  <test-case description="Should assign DCs to correct sites" name="PSATSitesReport.QueryAD method.Should assign DCs to correct sites" time="0" asserts="0" success="False" result="Failure" executed="True">
                    <failure>
                      <message>This test should run but it did not. Most likely a setup in some parent block failed.</message>
                      <stack-trace />
                    </failure>
                  </test-case>
                  <test-case description="Should assign subnets to correct sites" name="PSATSitesReport.QueryAD method.Should assign subnets to correct sites" time="0" asserts="0" success="False" result="Failure" executed="True">
                    <failure>
                      <message>This test should run but it did not. Most likely a setup in some parent block failed.</message>
                      <stack-trace />
                    </failure>
                  </test-case>
                  <test-case description="Should assign site links to sites" name="PSATSitesReport.QueryAD method.Should assign site links to sites" time="0" asserts="0" success="False" result="Failure" executed="True">
                    <failure>
                      <message>This test should run but it did not. Most likely a setup in some parent block failed.</message>
                      <stack-trace />
                    </failure>
                  </test-case>
                  <test-case description="Should compute adjacent sites" name="PSATSitesReport.QueryAD method.Should compute adjacent sites" time="0" asserts="0" success="False" result="Failure" executed="True">
                    <failure>
                      <message>This test should run but it did not. Most likely a setup in some parent block failed.</message>
                      <stack-trace />
                    </failure>
                  </test-case>
                  <test-case description="Should extract transport type from DN" name="PSATSitesReport.QueryAD method.Should extract transport type from DN" time="0" asserts="0" success="False" result="Failure" executed="True">
                    <failure>
                      <message>This test should run but it did not. Most likely a setup in some parent block failed.</message>
                      <stack-trace />
                    </failure>
                  </test-case>
                  <test-case description="Should identify health issues" name="PSATSitesReport.QueryAD method.Should identify health issues" time="0" asserts="0" success="False" result="Failure" executed="True">
                    <failure>
                      <message>This test should run but it did not. Most likely a setup in some parent block failed.</message>
                      <stack-trace />
                    </failure>
                  </test-case>
                  <test-case description="Should pass Server parameter to AD cmdlets" name="PSATSitesReport.QueryAD method.Should pass Server parameter to AD cmdlets" time="0" asserts="0" success="False" result="Failure" executed="True">
                    <failure>
                      <message>This test should run but it did not. Most likely a setup in some parent block failed.</message>
                      <stack-trace />
                    </failure>
                  </test-case>
                </results>
              </test-suite>
            </results>
          </test-suite>
        </results>
      </test-suite>
      <test-suite type="TestFixture" name="/Users/laurent/Documents/01-DEV/PSAdminTools/tests/Unit/Classes/PSATSubnet.tests.ps1" executed="True" result="Failure" success="False" time="0.0229" asserts="0" description="/Users/laurent/Documents/01-DEV/PSAdminTools/tests/Unit/Classes/PSATSubnet.tests.ps1">
        <results>
          <test-suite type="TestFixture" name="PSATSubnet" executed="True" result="Failure" success="False" time="0.0165" asserts="0" description="PSATSubnet">
            <results>
              <test-suite type="TestFixture" name="PSATSubnet.Default constructor" executed="True" result="Failure" success="False" time="0.007" asserts="0" description="PSATSubnet.Default constructor">
                <results>
                  <test-case description="Should create an instance" name="PSATSubnet.Default constructor.Should create an instance" time="0" asserts="0" success="False" result="Failure" executed="True">
                    <failure>
                      <message>This test should run but it did not. Most likely a setup in some parent block failed.</message>
                      <stack-trace />
                    </failure>
                  </test-case>
                  <test-case description="Should have null or empty default properties" name="PSATSubnet.Default constructor.Should have null or empty default properties" time="0" asserts="0" success="False" result="Failure" executed="True">
                    <failure>
                      <message>This test should run but it did not. Most likely a setup in some parent block failed.</message>
                      <stack-trace />
                    </failure>
                  </test-case>
                </results>
              </test-suite>
              <test-suite type="TestFixture" name="PSATSubnet.Hashtable constructor" executed="True" result="Failure" success="False" time="0.0101" asserts="0" description="PSATSubnet.Hashtable constructor">
                <results>
                  <test-case description="Should set Name property" name="PSATSubnet.Hashtable constructor.Should set Name property" time="0" asserts="0" success="False" result="Failure" executed="True">
                    <failure>
                      <message>This test should run but it did not. Most likely a setup in some parent block failed.</message>
                      <stack-trace />
                    </failure>
                  </test-case>
                  <test-case description="Should set SiteName property" name="PSATSubnet.Hashtable constructor.Should set SiteName property" time="0" asserts="0" success="False" result="Failure" executed="True">
                    <failure>
                      <message>This test should run but it did not. Most likely a setup in some parent block failed.</message>
                      <stack-trace />
                    </failure>
                  </test-case>
                  <test-case description="Should set Location property" name="PSATSubnet.Hashtable constructor.Should set Location property" time="0" asserts="0" success="False" result="Failure" executed="True">
                    <failure>
                      <message>This test should run but it did not. Most likely a setup in some parent block failed.</message>
                      <stack-trace />
                    </failure>
                  </test-case>
                  <test-case description="Should set Description property" name="PSATSubnet.Hashtable constructor.Should set Description property" time="0" asserts="0" success="False" result="Failure" executed="True">
                    <failure>
                      <message>This test should run but it did not. Most likely a setup in some parent block failed.</message>
                      <stack-trace />
                    </failure>
                  </test-case>
                  <test-case description="Should set DistinguishedName property" name="PSATSubnet.Hashtable constructor.Should set DistinguishedName property" time="0" asserts="0" success="False" result="Failure" executed="True">
                    <failure>
                      <message>This test should run but it did not. Most likely a setup in some parent block failed.</message>
                      <stack-trace />
                    </failure>
                  </test-case>
                </results>
              </test-suite>
              <test-suite type="TestFixture" name="PSATSubnet.ToString method" executed="True" result="Failure" success="False" time="0.0156" asserts="0" description="PSATSubnet.ToString method">
                <results>
                  <test-case description="Should return name with site when SiteName is set" name="PSATSubnet.ToString method.Should return name with site when SiteName is set" time="0.0024" asserts="0" success="False" result="Failure" executed="True">
                    <failure>
                      <message>RuntimeException: Unable to find type [PSATSubnet].</message>
                      <stack-trace>at &lt;ScriptBlock&gt;, /Users/laurent/Documents/01-DEV/PSAdminTools/tests/Unit/Classes/PSATSubnet.tests.ps1:65</stack-trace>
                    </failure>
                  </test-case>
                  <test-case description="Should return only name when SiteName is empty" name="PSATSubnet.ToString method.Should return only name when SiteName is empty" time="0.0021" asserts="0" success="False" result="Failure" executed="True">
                    <failure>
                      <message>RuntimeException: Unable to find type [PSATSubnet].</message>
                      <stack-trace>at &lt;ScriptBlock&gt;, /Users/laurent/Documents/01-DEV/PSAdminTools/tests/Unit/Classes/PSATSubnet.tests.ps1:74</stack-trace>
                    </failure>
                  </test-case>
                </results>
              </test-suite>
            </results>
          </test-suite>
        </results>
      </test-suite>
      <test-suite type="TestFixture" name="/Users/laurent/Documents/01-DEV/PSAdminTools/tests/Unit/Public/Get-PSATSitesReport.tests.ps1" executed="True" result="Failure" success="False" time="0.0188" asserts="0" description="/Users/laurent/Documents/01-DEV/PSAdminTools/tests/Unit/Public/Get-PSATSitesReport.tests.ps1">
        <results>
          <test-suite type="TestFixture" name="Get-PSATSitesReport" executed="True" result="Failure" success="False" time="0.0105" asserts="0" description="Get-PSATSitesReport">
            <results>
              <test-suite type="TestFixture" name="Get-PSATSitesReport.Successful execution" executed="True" result="Failure" success="False" time="0" asserts="0" description="Get-PSATSitesReport.Successful execution">
                <results>
                  <test-case description="Should return a PSATSitesReport object" name="Get-PSATSitesReport.Successful execution.Should return a PSATSitesReport object" time="0" asserts="0" success="False" result="Failure" executed="True">
                    <failure>
                      <message>This test should run but it did not. Most likely a setup in some parent block failed.</message>
                      <stack-trace />
                    </failure>
                  </test-case>
                  <test-case description="Should populate the report with AD data" name="Get-PSATSitesReport.Successful execution.Should populate the report with AD data" time="0" asserts="0" success="False" result="Failure" executed="True">
                    <failure>
                      <message>This test should run but it did not. Most likely a setup in some parent block failed.</message>
                      <stack-trace />
                    </failure>
                  </test-case>
                  <test-case description="Should import the ActiveDirectory module" name="Get-PSATSitesReport.Successful execution.Should import the ActiveDirectory module" time="0" asserts="0" success="False" result="Failure" executed="True">
                    <failure>
                      <message>This test should run but it did not. Most likely a setup in some parent block failed.</message>
                      <stack-trace />
                    </failure>
                  </test-case>
                </results>
              </test-suite>
              <test-suite type="TestFixture" name="Get-PSATSitesReport.Parameter pass-through" executed="True" result="Failure" success="False" time="0" asserts="0" description="Get-PSATSitesReport.Parameter pass-through">
                <results>
                  <test-case description="Should pass Server parameter to AD cmdlets" name="Get-PSATSitesReport.Parameter pass-through.Should pass Server parameter to AD cmdlets" time="0" asserts="0" success="False" result="Failure" executed="True">
                    <failure>
                      <message>This test should run but it did not. Most likely a setup in some parent block failed.</message>
                      <stack-trace />
                    </failure>
                  </test-case>
                  <test-case description="Should pass Credential parameter to AD cmdlets" name="Get-PSATSitesReport.Parameter pass-through.Should pass Credential parameter to AD cmdlets" time="0" asserts="0" success="False" result="Failure" executed="True">
                    <failure>
                      <message>This test should run but it did not. Most likely a setup in some parent block failed.</message>
                      <stack-trace />
                    </failure>
                  </test-case>
                </results>
              </test-suite>
              <test-suite type="TestFixture" name="Get-PSATSitesReport.Error handling - missing ActiveDirectory module" executed="True" result="Failure" success="False" time="0" asserts="0" description="Get-PSATSitesReport.Error handling - missing ActiveDirectory module">
                <results>
                  <test-case description="Should throw when ActiveDirectory module is not available" name="Get-PSATSitesReport.Error handling - missing ActiveDirectory module.Should throw when ActiveDirectory module is not available" time="0" asserts="0" success="False" result="Failure" executed="True">
                    <failure>
                      <message>This test should run but it did not. Most likely a setup in some parent block failed.</message>
                      <stack-trace />
                    </failure>
                  </test-case>
                </results>
              </test-suite>
              <test-suite type="TestFixture" name="Get-PSATSitesReport.Error handling - AD query failure" executed="True" result="Failure" success="False" time="0" asserts="0" description="Get-PSATSitesReport.Error handling - AD query failure">
                <results>
                  <test-case description="Should throw on AD exception" name="Get-PSATSitesReport.Error handling - AD query failure.Should throw on AD exception" time="0" asserts="0" success="False" result="Failure" executed="True">
                    <failure>
                      <message>This test should run but it did not. Most likely a setup in some parent block failed.</message>
                      <stack-trace />
                    </failure>
                  </test-case>
                </results>
              </test-suite>
              <test-suite type="TestFixture" name="Get-PSATSitesReport.Error handling - access denied" executed="True" result="Failure" success="False" time="0" asserts="0" description="Get-PSATSitesReport.Error handling - access denied">
                <results>
                  <test-case description="Should throw on unauthorized access" name="Get-PSATSitesReport.Error handling - access denied.Should throw on unauthorized access" time="0" asserts="0" success="False" result="Failure" executed="True">
                    <failure>
                      <message>This test should run but it did not. Most likely a setup in some parent block failed.</message>
                      <stack-trace />
                    </failure>
                  </test-case>
                </results>
              </test-suite>
              <test-suite type="TestFixture" name="Get-PSATSitesReport.Function metadata" executed="True" result="Failure" success="False" time="0" asserts="0" description="Get-PSATSitesReport.Function metadata">
                <results>
                  <test-case description="Should have CmdletBinding attribute" name="Get-PSATSitesReport.Function metadata.Should have CmdletBinding attribute" time="0" asserts="0" success="False" result="Failure" executed="True">
                    <failure>
                      <message>This test should run but it did not. Most likely a setup in some parent block failed.</message>
                      <stack-trace />
                    </failure>
                  </test-case>
                  <test-case description="Should have Server parameter" name="Get-PSATSitesReport.Function metadata.Should have Server parameter" time="0" asserts="0" success="False" result="Failure" executed="True">
                    <failure>
                      <message>This test should run but it did not. Most likely a setup in some parent block failed.</message>
                      <stack-trace />
                    </failure>
                  </test-case>
                  <test-case description="Should have Credential parameter" name="Get-PSATSitesReport.Function metadata.Should have Credential parameter" time="0" asserts="0" success="False" result="Failure" executed="True">
                    <failure>
                      <message>This test should run but it did not. Most likely a setup in some parent block failed.</message>
                      <stack-trace />
                    </failure>
                  </test-case>
                  <test-case description="Should have OutputType of PSATSitesReport" name="Get-PSATSitesReport.Function metadata.Should have OutputType of PSATSitesReport" time="0" asserts="0" success="False" result="Failure" executed="True">
                    <failure>
                      <message>This test should run but it did not. Most likely a setup in some parent block failed.</message>
                      <stack-trace />
                    </failure>
                  </test-case>
                </results>
              </test-suite>
            </results>
          </test-suite>
        </results>
      </test-suite>
      <test-suite type="TestFixture" name="/Users/laurent/Documents/01-DEV/PSAdminTools/tests/Unit/Public/Get-Something.tests.ps1" executed="True" result="Success" success="True" time="0.1334" asserts="0" description="/Users/laurent/Documents/01-DEV/PSAdminTools/tests/Unit/Public/Get-Something.tests.ps1">
        <results>
          <test-suite type="TestFixture" name="Get-Something" executed="True" result="Success" success="True" time="0.1207" asserts="0" description="Get-Something">
            <results>
              <test-suite type="TestFixture" name="Get-Something.When passing values using named parameters" executed="True" result="Success" success="True" time="0.0481" asserts="0" description="Get-Something.When passing values using named parameters">
                <results>
                  <test-case description="Should call the private function once" name="Get-Something.When passing values using named parameters.Should call the private function once" time="0.0358" asserts="0" success="True" result="Success" executed="True" />
                  <test-case description="Should return a single object" name="Get-Something.When passing values using named parameters.Should return a single object" time="0.004" asserts="0" success="True" result="Success" executed="True" />
                  <test-case description="Should return the correct string value" name="Get-Something.When passing values using named parameters.Should return the correct string value" time="0.0027" asserts="0" success="True" result="Success" executed="True" />
                </results>
              </test-suite>
              <test-suite type="TestFixture" name="Get-Something.When passing values over the pipeline" executed="True" result="Success" success="True" time="0.0763" asserts="0" description="Get-Something.When passing values over the pipeline">
                <results>
                  <test-case description="Should call the private function two times" name="Get-Something.When passing values over the pipeline.Should call the private function two times" time="0.0048" asserts="0" success="True" result="Success" executed="True" />
                  <test-case description="Should return an array with two items" name="Get-Something.When passing values over the pipeline.Should return an array with two items" time="0.0033" asserts="0" success="True" result="Success" executed="True" />
                  <test-case description="Should return an array with the correct string values" name="Get-Something.When passing values over the pipeline.Should return an array with the correct string values" time="0.011" asserts="0" success="True" result="Success" executed="True" />
                  <test-case description="Should accept values from the pipeline by property name" name="Get-Something.When passing values over the pipeline.Should accept values from the pipeline by property name" time="0.0078" asserts="0" success="True" result="Success" executed="True" />
                </results>
              </test-suite>
              <test-suite type="TestFixture" name="Get-Something.When passing WhatIf" executed="True" result="Success" success="True" time="0.0864" asserts="0" description="Get-Something.When passing WhatIf">
                <results>
                  <test-case description="Should support the parameter WhatIf" name="Get-Something.When passing WhatIf.Should support the parameter WhatIf" time="0.0038" asserts="0" success="True" result="Success" executed="True" />
                  <test-case description="Should not call the private function" name="Get-Something.When passing WhatIf.Should not call the private function" time="0.0031" asserts="0" success="True" result="Success" executed="True" />
                  <test-case description="Should return $null" name="Get-Something.When passing WhatIf.Should return $null" time="0.0018" asserts="0" success="True" result="Success" executed="True" />
                </results>
              </test-suite>
            </results>
          </test-suite>
        </results>
      </test-suite>
      <test-suite type="TestFixture" name="/Users/laurent/Documents/01-DEV/PSAdminTools/tests/Unit/Private/Get-PrivateFunction.tests.ps1" executed="True" result="Success" success="True" time="0.0202" asserts="0" description="/Users/laurent/Documents/01-DEV/PSAdminTools/tests/Unit/Private/Get-PrivateFunction.tests.ps1">
        <results>
          <test-suite type="TestFixture" name="Get-PrivateFunction" executed="True" result="Success" success="True" time="0.0124" asserts="0" description="Get-PrivateFunction">
            <results>
              <test-suite type="TestFixture" name="Get-PrivateFunction.When calling the function with string value" executed="True" result="Success" success="True" time="0.0112" asserts="0" description="Get-PrivateFunction.When calling the function with string value">
                <results>
                  <test-case description="Should return a single object" name="Get-PrivateFunction.When calling the function with string value.Should return a single object" time="0.0049" asserts="0" success="True" result="Success" executed="True" />
                  <test-case description="Should return a string based on the parameter PrivateData" name="Get-PrivateFunction.When calling the function with string value.Should return a string based on the parameter PrivateData" time="0.0024" asserts="0" success="True" result="Success" executed="True" />
                </results>
              </test-suite>
            </results>
          </test-suite>
        </results>
      </test-suite>
      <test-suite type="TestFixture" name="/Users/laurent/Documents/01-DEV/PSAdminTools/tests/QA/module.tests.ps1" executed="True" result="Success" success="True" time="0.3564" asserts="0" description="/Users/laurent/Documents/01-DEV/PSAdminTools/tests/QA/module.tests.ps1">
        <results>
          <test-suite type="TestFixture" name="Changelog Management" executed="True" result="Success" success="True" time="0.0259" asserts="0" description="Changelog Management">
            <results>
              <test-case description="Changelog format compliant with keepachangelog format" name="Changelog Management.Changelog format compliant with keepachangelog format" time="0.0215" asserts="0" success="True" result="Success" executed="True" />
              <test-case description="Changelog should have an Unreleased header" name="Changelog Management.Changelog should have an Unreleased header" time="0.0032" asserts="0" success="True" result="Success" executed="True" />
            </results>
          </test-suite>
          <test-suite type="TestFixture" name="General module control" executed="True" result="Success" success="True" time="0.0322" asserts="0" description="General module control">
            <results>
              <test-case description="Should import without errors" name="General module control.Should import without errors" time="0.0035" asserts="0" success="True" result="Success" executed="True" />
              <test-case description="Should remove without error" name="General module control.Should remove without error" time="0.0018" asserts="0" success="True" result="Success" executed="True" />
            </results>
          </test-suite>
          <test-suite type="TestFixture" name="Quality for module" executed="True" result="Success" success="True" time="0.2147" asserts="0" description="Quality for module">
            <results>
              <test-suite type="ParameterizedTest" name="Quality for module.Should have a unit test for &lt;Name&gt;" executed="True" result="Success" success="True" time="0.01" asserts="0" description="Should have a unit test for &lt;Name&gt;">
                <results>
                  <test-case description="Should have a unit test for Get-PrivateFunction" name="Quality for module.Should have a unit test for Get-PrivateFunction" time="0.0042" asserts="0" success="True" result="Success" executed="True" />
                  <test-case description="Should have a unit test for Get-PSATSitesReport" name="Quality for module.Should have a unit test for Get-PSATSitesReport" time="0.0029" asserts="0" success="True" result="Success" executed="True" />
                  <test-case description="Should have a unit test for Get-Something" name="Quality for module.Should have a unit test for Get-Something" time="0.0029" asserts="0" success="True" result="Success" executed="True" />
                </results>
              </test-suite>
              <test-suite type="ParameterizedTest" name="Quality for module.Should pass Script Analyzer for &lt;Name&gt;" executed="True" result="Success" success="True" time="0.1696" asserts="0" description="Should pass Script Analyzer for &lt;Name&gt;">
                <results>
                  <test-case description="Should pass Script Analyzer for Get-PrivateFunction" name="Quality for module.Should pass Script Analyzer for Get-PrivateFunction" time="0.0331" asserts="0" success="True" result="Success" executed="True" />
                  <test-case description="Should pass Script Analyzer for Get-PSATSitesReport" name="Quality for module.Should pass Script Analyzer for Get-PSATSitesReport" time="0.1045" asserts="0" success="True" result="Success" executed="True" />
                  <test-case description="Should pass Script Analyzer for Get-Something" name="Quality for module.Should pass Script Analyzer for Get-Something" time="0.032" asserts="0" success="True" result="Success" executed="True" />
                </results>
              </test-suite>
            </results>
          </test-suite>
          <test-suite type="TestFixture" name="Help for module" executed="True" result="Success" success="True" time="0.2989" asserts="0" description="Help for module">
            <results>
              <test-suite type="ParameterizedTest" name="Help for module.Should have .SYNOPSIS for &lt;Name&gt;" executed="True" result="Success" success="True" time="0.0202" asserts="0" description="Should have .SYNOPSIS for &lt;Name&gt;">
                <results>
                  <test-case description="Should have .SYNOPSIS for Get-PrivateFunction" name="Help for module.Should have .SYNOPSIS for Get-PrivateFunction" time="0.008" asserts="0" success="True" result="Success" executed="True" />
                  <test-case description="Should have .SYNOPSIS for Get-PSATSitesReport" name="Help for module.Should have .SYNOPSIS for Get-PSATSitesReport" time="0.0057" asserts="0" success="True" result="Success" executed="True" />
                  <test-case description="Should have .SYNOPSIS for Get-Something" name="Help for module.Should have .SYNOPSIS for Get-Something" time="0.0064" asserts="0" success="True" result="Success" executed="True" />
                </results>
              </test-suite>
              <test-suite type="ParameterizedTest" name="Help for module.Should have a .DESCRIPTION with length greater than 40 characters for &lt;Name&gt;" executed="True" result="Success" success="True" time="0.0176" asserts="0" description="Should have a .DESCRIPTION with length greater than 40 characters for &lt;Name&gt;">
                <results>
                  <test-case description="Should have a .DESCRIPTION with length greater than 40 characters for Get-PrivateFunction" name="Help for module.Should have a .DESCRIPTION with length greater than 40 characters for Get-PrivateFunction" time="0.006" asserts="0" success="True" result="Success" executed="True" />
                  <test-case description="Should have a .DESCRIPTION with length greater than 40 characters for Get-PSATSitesReport" name="Help for module.Should have a .DESCRIPTION with length greater than 40 characters for Get-PSATSitesReport" time="0.0068" asserts="0" success="True" result="Success" executed="True" />
                  <test-case description="Should have a .DESCRIPTION with length greater than 40 characters for Get-Something" name="Help for module.Should have a .DESCRIPTION with length greater than 40 characters for Get-Something" time="0.0049" asserts="0" success="True" result="Success" executed="True" />
                </results>
              </test-suite>
              <test-suite type="ParameterizedTest" name="Help for module.Should have at least one (1) example for &lt;Name&gt;" executed="True" result="Success" success="True" time="0.0211" asserts="0" description="Should have at least one (1) example for &lt;Name&gt;">
                <results>
                  <test-case description="Should have at least one (1) example for Get-PrivateFunction" name="Help for module.Should have at least one (1) example for Get-PrivateFunction" time="0.0095" asserts="0" success="True" result="Success" executed="True" />
                  <test-case description="Should have at least one (1) example for Get-PSATSitesReport" name="Help for module.Should have at least one (1) example for Get-PSATSitesReport" time="0.0067" asserts="0" success="True" result="Success" executed="True" />
                  <test-case description="Should have at least one (1) example for Get-Something" name="Help for module.Should have at least one (1) example for Get-Something" time="0.0049" asserts="0" success="True" result="Success" executed="True" />
                </results>
              </test-suite>
              <test-suite type="ParameterizedTest" name="Help for module.Should have described all parameters for &lt;Name&gt;" executed="True" result="Success" success="True" time="0.0235" asserts="0" description="Should have described all parameters for &lt;Name&gt;">
                <results>
                  <test-case description="Should have described all parameters for Get-PrivateFunction" name="Help for module.Should have described all parameters for Get-PrivateFunction" time="0.0103" asserts="0" success="True" result="Success" executed="True" />
                  <test-case description="Should have described all parameters for Get-PSATSitesReport" name="Help for module.Should have described all parameters for Get-PSATSitesReport" time="0.0082" asserts="0" success="True" result="Success" executed="True" />
                  <test-case description="Should have described all parameters for Get-Something" name="Help for module.Should have described all parameters for Get-Something" time="0.005" asserts="0" success="True" result="Success" executed="True" />
                </results>
              </test-suite>
            </results>
          </test-suite>
        </results>
      </test-suite>
    </results>
  </test-suite>
</test-results>